<?xml version="1.0" encoding="UTF-8"?>
<!-- Generated by org.testng.reporters.JUnitXMLReporter -->
<testsuite ignored="0" hostname="swapnil" failures="1" tests="1" name="login_test" time="2.513" errors="0" timestamp="2024-01-13T20:03:27 IST">
  <testcase classname="login.TC_001_Login" name="@BeforeClass openBrowser" time="2.109">
    <failure type="java.io.FileNotFoundException" message=" (No such file or directory)">
      <![CDATA[java.io.FileNotFoundException:  (No such file or directory)
at java.base/java.io.FileInputStream.open0(Native Method)
at java.base/java.io.FileInputStream.open(FileInputStream.java:219)
at java.base/java.io.FileInputStream.<init>(FileInputStream.java:157)
at java.base/java.io.FileInputStream.<init>(FileInputStream.java:112)
at com.intalk.baseclasses.CommonUtils.getURL_Domain(CommonUtils.java:68)
at com.intalk.baseclasses.BaseClass.secondinitilizeBrowser(BaseClass.java:94)
at login.TC_001_Login.openBrowser(TC_001_Login.java:56)
at java.base/java.util.ArrayList.forEach(ArrayList.java:1541)
... Removed 29 stack frames]]>
    </failure>
  </testcase> <!-- @BeforeClass openBrowser -->
  <testcase classname="login.TC_001_Login" name="Login_Functionality" time="0.0">
    <failure type="java.lang.RuntimeException" message="java.lang.RuntimeException: Excel file does not exist at path: ">
      <![CDATA[java.lang.RuntimeException: java.lang.RuntimeException: Excel file does not exist at path: 
at java.base/java.util.ArrayList.forEach(ArrayList.java:1541)
Caused by: java.lang.RuntimeException: Excel file does not exist at path: 
at com.ExcelLibrary.data.ExcelUtils.<init>(ExcelUtils.java:41)
at login.TC_001_Login.getData(TC_001_Login.java:103)
... 29 more
... Removed 36 stack frames]]>
    </failure>
  </testcase> <!-- Login_Functionality -->
</testsuite> <!-- login_test -->
