<?xml version="1.0" encoding="UTF-8"?>
<!-- Generated by org.testng.reporters.JUnitXMLReporter -->
<testsuite ignored="0" hostname="swapnil" failures="1" tests="1" name="User_Test" time="0.166" errors="0" timestamp="2024-01-13T20:03:27 IST">
  <testcase classname="User.TC_001_User" name="User_Functionality" time="0.0">
    <failure type="java.lang.RuntimeException" message="java.lang.RuntimeException: Excel file does not exist at path: ">
      <![CDATA[java.lang.RuntimeException: java.lang.RuntimeException: Excel file does not exist at path: 
at java.base/java.util.ArrayList.forEach(ArrayList.java:1541)
Caused by: java.lang.RuntimeException: Excel file does not exist at path: 
at com.ExcelLibrary.data.ExcelUtils.<init>(ExcelUtils.java:41)
at User.TC_001_User.getData(TC_001_User.java:2864)
... 29 more
... Removed 36 stack frames]]>
    </failure>
  </testcase> <!-- User_Functionality -->
</testsuite> <!-- User_Test -->
